<?xml version="1.0" encoding="UTF-8"?>
<testng-results ignored="0" total="2" passed="2" failed="0" skipped="0">
  <reporter-output>
  </reporter-output>
  <suite started-at="2021-06-11T10:02:05Z" name="Suite" finished-at="2021-06-11T10:02:13Z" duration-ms="8336">
    <groups>
    </groups>
    <test started-at="2021-06-11T10:02:05Z" name="Test" finished-at="2021-06-11T10:02:13Z" duration-ms="8336">
      <class name="com.task.TestNGexample">
        <test-method is-config="true" signature="url()[pri:0, instance:com.task.TestNGexample@d554c5f]" started-at="2021-06-11T10:02:05Z" name="url" finished-at="2021-06-11T10:02:10Z" duration-ms="5503" status="PASS">
          <reporter-output>
          </reporter-output>
        </test-method> <!-- url -->
        <test-method signature="click()[pri:0, instance:com.task.TestNGexample@d554c5f]" started-at="2021-06-11T10:02:10Z" name="click" finished-at="2021-06-11T10:02:11Z" duration-ms="313" status="PASS">
          <reporter-output>
          </reporter-output>
        </test-method> <!-- click -->
        <test-method signature="login(java.lang.String, java.lang.String)[pri:0, instance:com.task.TestNGexample@d554c5f]" started-at="2021-06-11T10:02:11Z" name="login" finished-at="2021-06-11T10:02:13Z" duration-ms="2190" status="PASS">
          <params>
            <param index="0">
              <value>
                <![CDATA[selenium]]>
              </value>
            </param>
            <param index="1">
              <value>
                <![CDATA[123456]]>
              </value>
            </param>
          </params>
          <reporter-output>
          </reporter-output>
        </test-method> <!-- login -->
        <test-method is-config="true" signature="close()[pri:0, instance:com.task.TestNGexample@d554c5f]" started-at="2021-06-11T10:02:13Z" name="close" finished-at="2021-06-11T10:02:13Z" duration-ms="257" status="PASS">
          <reporter-output>
          </reporter-output>
        </test-method> <!-- close -->
      </class> <!-- com.task.TestNGexample -->
    </test> <!-- Test -->
  </suite> <!-- Suite -->
</testng-results>
